2025-12-31 07:13:33,839 [INFO] job_id=1822fed9-f695-4d01-bae7-bdeec5aa064a ETL job started
2025-12-31 07:13:34,034 [INFO] job_id=1822fed9-f695-4d01-bae7-bdeec5aa064a Start processing date=2025-12-01
2025-12-31 07:13:34,486 [ERROR] job_id=1822fed9-f695-4d01-bae7-bdeec5aa064a ETL failed for date=2025-12-01, error=relation "daily_sales_xxx" does not exist
LINE 2:                     INSERT INTO daily_sales_xxx (sale_date, ...
                                        ^

2025-12-31 07:13:34,487 [ERROR] job_id=1822fed9-f695-4d01-bae7-bdeec5aa064a ETL aborted
Traceback (most recent call last):
  File "/Users/moriyoshiko/Desktop/samples/selfpy/daily-sales-etl/etl/sql.py", line 12, in run_range
    run_daily_sales(conn, d, logger)
    ~~~~~~~~~~~~~~~^^^^^^^^^^^^^^^^^
  File "/Users/moriyoshiko/Desktop/samples/selfpy/daily-sales-etl/etl/daily_sales.py", line 20, in run_daily_sales
    cur.execute("""
    ~~~~~~~~~~~^^^^
        INSERT INTO daily_sales_xxx (sale_date, sales_amount)
        ^^^^^^^^^^^^^^^^^^^^^^^^^^^^^^^^^^^^^^^^^^^^^^^^^^^^^
        VALUES (%s, %s)
        ^^^^^^^^^^^^^^^
    """, (target_date, 9999))
    ^^^^^^^^^^^^^^^^^^^^^^^^^
psycopg2.errors.UndefinedTable: relation "daily_sales_xxx" does not exist
LINE 2:                     INSERT INTO daily_sales_xxx (sale_date, ...
                                        ^

2025-12-31 07:24:01,070 [INFO] job_id=e8835eef-5503-4437-a17d-5e2f37329da2 ETL job started
2025-12-31 07:24:01,205 [INFO] job_id=e8835eef-5503-4437-a17d-5e2f37329da2 Start processing date=2025-12-02
2025-12-31 07:24:01,238 [ERROR] job_id=e8835eef-5503-4437-a17d-5e2f37329da2 ETL aborted
Traceback (most recent call last):
  File "/Users/moriyoshiko/Desktop/samples/selfpy/daily-sales-etl/etl/sql.py", line 12, in run_range
    run_daily_sales(conn, d, logger)
    ~~~~~~~~~~~~~~~^^^^^^^^^^^^^^^^^
  File "/Users/moriyoshiko/Desktop/samples/selfpy/daily-sales-etl/etl/daily_sales.py", line 26, in run_daily_sales
    x = 1 / 0
        ~~^~~
ZeroDivisionError: division by zero
2025-12-31 07:25:33,283 [INFO] job_id=a0563716-2e34-456d-9d92-7cef31caa24d ETL job started
2025-12-31 07:25:33,486 [INFO] job_id=a0563716-2e34-456d-9d92-7cef31caa24d Start processing date=2025-12-01
2025-12-31 07:25:33,495 [INFO] job_id=a0563716-2e34-456d-9d92-7cef31caa24d Finished processing date=2025-12-01
2025-12-31 07:25:33,496 [INFO] job_id=a0563716-2e34-456d-9d92-7cef31caa24d Start processing date=2025-12-02
2025-12-31 07:25:33,499 [INFO] job_id=a0563716-2e34-456d-9d92-7cef31caa24d Finished processing date=2025-12-02
2025-12-31 07:25:33,499 [INFO] job_id=a0563716-2e34-456d-9d92-7cef31caa24d Start processing date=2025-12-03
2025-12-31 07:25:33,503 [INFO] job_id=a0563716-2e34-456d-9d92-7cef31caa24d Finished processing date=2025-12-03
2025-12-31 07:25:33,503 [INFO] job_id=a0563716-2e34-456d-9d92-7cef31caa24d ETL job finished
